2023-06-15 22:59:21,087 [Worker-4: Loading available Gradle versions] INFO  o.e.b.c.i.u.g.PublishedGradleVersions - Gradle version information cache is out-of-date. Trying to update.
2023-06-15 23:00:49,619 [Worker-1: Loading available Gradle versions] INFO  o.e.b.c.i.u.g.PublishedGradleVersions - Gradle version information cache is up-to-date. Trying to read.
2023-06-16 12:08:15,860 [Worker-2: Loading available Gradle versions] INFO  o.e.b.c.i.u.g.PublishedGradleVersions - Gradle version information cache is up-to-date. Trying to read.
2023-06-16 12:09:16,248 [Worker-2: Loading available Gradle versions] INFO  o.e.b.c.i.u.g.PublishedGradleVersions - Gradle version information cache is up-to-date. Trying to read.
2023-06-16 12:11:12,518 [Worker-2: Building] INFO  o.e.m.c.i.l.LifecycleMappingFactory - Using org.eclipse.m2e.jdt.JarLifecycleMapping lifecycle mapping for MavenProject: com.masai:CwProject:0.0.1-SNAPSHOT @ E:\Desktop\offbeat-jeans-3946-\Online Voting System\pom.xml.
2023-06-16 12:11:12,816 [Worker-2: Building] WARN  o.e.m.c.i.embedder.EclipseLogger - The artifact mysql:mysql-connector-java:jar:8.0.32 has been relocated to com.mysql:mysql-connector-j:jar:8.0.32: MySQL Connector/J artifacts moved to reverse-DNS compliant Maven 2+ coordinates.
2023-06-16 12:11:12,819 [Worker-2: Building] WARN  o.e.m.c.i.embedder.EclipseLogger - The artifact org.hibernate:hibernate-core:jar:6.1.7.Final has been relocated to org.hibernate.orm:hibernate-core:jar:6.1.7.Final
2023-06-16 12:11:14,733 [Worker-2: Building] INFO  o.e.m.c.i.embedder.EclipseLogger - Using 'UTF-8' encoding to copy filtered resources.
2023-06-16 12:11:14,743 [Worker-2: Building] INFO  o.e.m.c.i.embedder.EclipseLogger - Copying 1 resource
2023-06-16 12:11:14,773 [Worker-2: Building] INFO  o.e.m.c.i.embedder.EclipseLogger - Using 'UTF-8' encoding to copy filtered resources.
2023-06-16 12:11:14,774 [Worker-2: Building] INFO  o.e.m.c.i.embedder.EclipseLogger - skip non existing resourceDirectory E:\Desktop\offbeat-jeans-3946-\Online Voting System\src\test\resources
2023-06-16 12:20:27,799 [Worker-14: Building] INFO  o.e.m.c.i.embedder.EclipseLogger - Using 'UTF-8' encoding to copy filtered resources.
2023-06-16 12:20:27,804 [Worker-14: Building] INFO  o.e.m.c.i.embedder.EclipseLogger - Copying 1 resource
2023-06-16 12:20:27,816 [Worker-14: Building] INFO  o.e.m.c.i.embedder.EclipseLogger - Using 'UTF-8' encoding to copy filtered resources.
2023-06-16 12:20:27,817 [Worker-14: Building] INFO  o.e.m.c.i.embedder.EclipseLogger - skip non existing resourceDirectory E:\Desktop\offbeat-jeans-3946-\Online Voting System\src\test\resources
2023-06-16 12:22:06,942 [Worker-13: Building] INFO  o.e.m.c.i.embedder.EclipseLogger - Using 'UTF-8' encoding to copy filtered resources.
2023-06-16 12:22:06,944 [Worker-13: Building] INFO  o.e.m.c.i.embedder.EclipseLogger - Copying 1 resource
2023-06-16 12:22:06,953 [Worker-13: Building] INFO  o.e.m.c.i.embedder.EclipseLogger - Using 'UTF-8' encoding to copy filtered resources.
2023-06-16 12:22:06,953 [Worker-13: Building] INFO  o.e.m.c.i.embedder.EclipseLogger - skip non existing resourceDirectory E:\Desktop\offbeat-jeans-3946-\Online Voting System\src\test\resources
2023-06-16 12:22:17,013 [Worker-16: Building] INFO  o.e.m.c.i.embedder.EclipseLogger - Using 'UTF-8' encoding to copy filtered resources.
2023-06-16 12:22:17,015 [Worker-16: Building] INFO  o.e.m.c.i.embedder.EclipseLogger - Copying 1 resource
2023-06-16 12:22:17,021 [Worker-16: Building] INFO  o.e.m.c.i.embedder.EclipseLogger - Using 'UTF-8' encoding to copy filtered resources.
2023-06-16 12:22:17,021 [Worker-16: Building] INFO  o.e.m.c.i.embedder.EclipseLogger - skip non existing resourceDirectory E:\Desktop\offbeat-jeans-3946-\Online Voting System\src\test\resources
2023-06-16 12:23:15,242 [Worker-14: Building] INFO  o.e.m.c.i.embedder.EclipseLogger - Using 'UTF-8' encoding to copy filtered resources.
2023-06-16 12:23:15,243 [Worker-14: Building] INFO  o.e.m.c.i.embedder.EclipseLogger - Copying 1 resource
2023-06-16 12:23:15,250 [Worker-14: Building] INFO  o.e.m.c.i.embedder.EclipseLogger - Using 'UTF-8' encoding to copy filtered resources.
2023-06-16 12:23:15,250 [Worker-14: Building] INFO  o.e.m.c.i.embedder.EclipseLogger - skip non existing resourceDirectory E:\Desktop\offbeat-jeans-3946-\Online Voting System\src\test\resources
2023-06-16 12:23:24,442 [Worker-14: Building] INFO  o.e.m.c.i.embedder.EclipseLogger - Using 'UTF-8' encoding to copy filtered resources.
2023-06-16 12:23:24,444 [Worker-14: Building] INFO  o.e.m.c.i.embedder.EclipseLogger - Copying 1 resource
2023-06-16 12:23:24,451 [Worker-14: Building] INFO  o.e.m.c.i.embedder.EclipseLogger - Using 'UTF-8' encoding to copy filtered resources.
2023-06-16 12:23:24,452 [Worker-14: Building] INFO  o.e.m.c.i.embedder.EclipseLogger - skip non existing resourceDirectory E:\Desktop\offbeat-jeans-3946-\Online Voting System\src\test\resources
2023-06-16 12:25:02,978 [Worker-12: Building] INFO  o.e.m.c.i.embedder.EclipseLogger - Using 'UTF-8' encoding to copy filtered resources.
2023-06-16 12:25:02,980 [Worker-12: Building] INFO  o.e.m.c.i.embedder.EclipseLogger - Copying 1 resource
2023-06-16 12:25:02,988 [Worker-12: Building] INFO  o.e.m.c.i.embedder.EclipseLogger - Using 'UTF-8' encoding to copy filtered resources.
2023-06-16 12:25:02,988 [Worker-12: Building] INFO  o.e.m.c.i.embedder.EclipseLogger - skip non existing resourceDirectory E:\Desktop\offbeat-jeans-3946-\Online Voting System\src\test\resources
2023-06-16 12:25:11,425 [Worker-12: Building] INFO  o.e.m.c.i.embedder.EclipseLogger - Using 'UTF-8' encoding to copy filtered resources.
2023-06-16 12:25:11,427 [Worker-12: Building] INFO  o.e.m.c.i.embedder.EclipseLogger - Copying 1 resource
2023-06-16 12:25:11,438 [Worker-12: Building] INFO  o.e.m.c.i.embedder.EclipseLogger - Using 'UTF-8' encoding to copy filtered resources.
2023-06-16 12:25:11,438 [Worker-12: Building] INFO  o.e.m.c.i.embedder.EclipseLogger - skip non existing resourceDirectory E:\Desktop\offbeat-jeans-3946-\Online Voting System\src\test\resources
2023-06-16 12:25:38,637 [Worker-17: Building] INFO  o.e.m.c.i.embedder.EclipseLogger - Using 'UTF-8' encoding to copy filtered resources.
2023-06-16 12:25:38,639 [Worker-17: Building] INFO  o.e.m.c.i.embedder.EclipseLogger - Copying 1 resource
2023-06-16 12:25:38,645 [Worker-17: Building] INFO  o.e.m.c.i.embedder.EclipseLogger - Using 'UTF-8' encoding to copy filtered resources.
2023-06-16 12:25:38,645 [Worker-17: Building] INFO  o.e.m.c.i.embedder.EclipseLogger - skip non existing resourceDirectory E:\Desktop\offbeat-jeans-3946-\Online Voting System\src\test\resources
2023-06-16 12:41:36,900 [Worker-16: Building] INFO  o.e.m.c.i.embedder.EclipseLogger - Using 'UTF-8' encoding to copy filtered resources.
2023-06-16 12:41:36,901 [Worker-16: Building] INFO  o.e.m.c.i.embedder.EclipseLogger - Copying 1 resource
2023-06-16 12:41:36,908 [Worker-16: Building] INFO  o.e.m.c.i.embedder.EclipseLogger - Using 'UTF-8' encoding to copy filtered resources.
2023-06-16 12:41:36,908 [Worker-16: Building] INFO  o.e.m.c.i.embedder.EclipseLogger - skip non existing resourceDirectory E:\Desktop\offbeat-jeans-3946-\Online Voting System\src\test\resources
2023-06-16 12:41:48,544 [Worker-21: Building] INFO  o.e.m.c.i.embedder.EclipseLogger - Using 'UTF-8' encoding to copy filtered resources.
2023-06-16 12:41:48,546 [Worker-21: Building] INFO  o.e.m.c.i.embedder.EclipseLogger - Copying 1 resource
2023-06-16 12:41:48,552 [Worker-21: Building] INFO  o.e.m.c.i.embedder.EclipseLogger - Using 'UTF-8' encoding to copy filtered resources.
2023-06-16 12:41:48,552 [Worker-21: Building] INFO  o.e.m.c.i.embedder.EclipseLogger - skip non existing resourceDirectory E:\Desktop\offbeat-jeans-3946-\Online Voting System\src\test\resources
2023-06-16 12:42:17,301 [Worker-20: Building] INFO  o.e.m.c.i.embedder.EclipseLogger - Using 'UTF-8' encoding to copy filtered resources.
2023-06-16 12:42:17,302 [Worker-20: Building] INFO  o.e.m.c.i.embedder.EclipseLogger - Copying 1 resource
2023-06-16 12:42:17,308 [Worker-20: Building] INFO  o.e.m.c.i.embedder.EclipseLogger - Using 'UTF-8' encoding to copy filtered resources.
2023-06-16 12:42:17,308 [Worker-20: Building] INFO  o.e.m.c.i.embedder.EclipseLogger - skip non existing resourceDirectory E:\Desktop\offbeat-jeans-3946-\Online Voting System\src\test\resources
2023-06-16 12:42:22,598 [Worker-21: Building] INFO  o.e.m.c.i.embedder.EclipseLogger - Using 'UTF-8' encoding to copy filtered resources.
2023-06-16 12:42:22,599 [Worker-21: Building] INFO  o.e.m.c.i.embedder.EclipseLogger - Copying 1 resource
2023-06-16 12:42:22,606 [Worker-21: Building] INFO  o.e.m.c.i.embedder.EclipseLogger - Using 'UTF-8' encoding to copy filtered resources.
2023-06-16 12:42:22,606 [Worker-21: Building] INFO  o.e.m.c.i.embedder.EclipseLogger - skip non existing resourceDirectory E:\Desktop\offbeat-jeans-3946-\Online Voting System\src\test\resources
2023-06-16 12:43:15,541 [Worker-21: Building] INFO  o.e.m.c.i.embedder.EclipseLogger - Using 'UTF-8' encoding to copy filtered resources.
2023-06-16 12:43:15,543 [Worker-21: Building] INFO  o.e.m.c.i.embedder.EclipseLogger - Copying 1 resource
2023-06-16 12:43:15,548 [Worker-21: Building] INFO  o.e.m.c.i.embedder.EclipseLogger - Using 'UTF-8' encoding to copy filtered resources.
2023-06-16 12:43:15,548 [Worker-21: Building] INFO  o.e.m.c.i.embedder.EclipseLogger - skip non existing resourceDirectory E:\Desktop\offbeat-jeans-3946-\Online Voting System\src\test\resources
2023-06-16 12:52:06,027 [Worker-24: Building] INFO  o.e.m.c.i.embedder.EclipseLogger - Using 'UTF-8' encoding to copy filtered resources.
2023-06-16 12:52:06,030 [Worker-24: Building] INFO  o.e.m.c.i.embedder.EclipseLogger - Copying 1 resource
2023-06-16 12:52:06,042 [Worker-24: Building] INFO  o.e.m.c.i.embedder.EclipseLogger - Using 'UTF-8' encoding to copy filtered resources.
2023-06-16 12:52:06,042 [Worker-24: Building] INFO  o.e.m.c.i.embedder.EclipseLogger - skip non existing resourceDirectory E:\Desktop\offbeat-jeans-3946-\Online Voting System\src\test\resources
2023-06-16 12:52:21,905 [Worker-24: Building] INFO  o.e.m.c.i.embedder.EclipseLogger - Using 'UTF-8' encoding to copy filtered resources.
2023-06-16 12:52:21,907 [Worker-24: Building] INFO  o.e.m.c.i.embedder.EclipseLogger - Copying 1 resource
2023-06-16 12:52:21,920 [Worker-24: Building] INFO  o.e.m.c.i.embedder.EclipseLogger - Using 'UTF-8' encoding to copy filtered resources.
2023-06-16 12:52:21,920 [Worker-24: Building] INFO  o.e.m.c.i.embedder.EclipseLogger - skip non existing resourceDirectory E:\Desktop\offbeat-jeans-3946-\Online Voting System\src\test\resources
2023-06-16 12:54:02,263 [Worker-24: Building] INFO  o.e.m.c.i.embedder.EclipseLogger - Using 'UTF-8' encoding to copy filtered resources.
2023-06-16 12:54:02,265 [Worker-24: Building] INFO  o.e.m.c.i.embedder.EclipseLogger - Copying 1 resource
2023-06-16 12:54:02,272 [Worker-24: Building] INFO  o.e.m.c.i.embedder.EclipseLogger - Using 'UTF-8' encoding to copy filtered resources.
2023-06-16 12:54:02,272 [Worker-24: Building] INFO  o.e.m.c.i.embedder.EclipseLogger - skip non existing resourceDirectory E:\Desktop\offbeat-jeans-3946-\Online Voting System\src\test\resources
2023-06-16 12:54:54,928 [Worker-26: Building] INFO  o.e.m.c.i.embedder.EclipseLogger - Using 'UTF-8' encoding to copy filtered resources.
2023-06-16 12:54:54,929 [Worker-26: Building] INFO  o.e.m.c.i.embedder.EclipseLogger - Copying 1 resource
2023-06-16 12:54:54,935 [Worker-26: Building] INFO  o.e.m.c.i.embedder.EclipseLogger - Using 'UTF-8' encoding to copy filtered resources.
2023-06-16 12:54:54,935 [Worker-26: Building] INFO  o.e.m.c.i.embedder.EclipseLogger - skip non existing resourceDirectory E:\Desktop\offbeat-jeans-3946-\Online Voting System\src\test\resources
2023-06-16 12:55:08,800 [Worker-26: Building] INFO  o.e.m.c.i.embedder.EclipseLogger - Using 'UTF-8' encoding to copy filtered resources.
2023-06-16 12:55:08,803 [Worker-26: Building] INFO  o.e.m.c.i.embedder.EclipseLogger - Copying 1 resource
2023-06-16 12:55:08,811 [Worker-26: Building] INFO  o.e.m.c.i.embedder.EclipseLogger - Using 'UTF-8' encoding to copy filtered resources.
2023-06-16 12:55:08,812 [Worker-26: Building] INFO  o.e.m.c.i.embedder.EclipseLogger - skip non existing resourceDirectory E:\Desktop\offbeat-jeans-3946-\Online Voting System\src\test\resources
2023-06-16 12:55:17,655 [Worker-27: Building] INFO  o.e.m.c.i.embedder.EclipseLogger - Using 'UTF-8' encoding to copy filtered resources.
2023-06-16 12:55:17,656 [Worker-27: Building] INFO  o.e.m.c.i.embedder.EclipseLogger - Copying 1 resource
2023-06-16 12:55:17,661 [Worker-27: Building] INFO  o.e.m.c.i.embedder.EclipseLogger - Using 'UTF-8' encoding to copy filtered resources.
2023-06-16 12:55:17,661 [Worker-27: Building] INFO  o.e.m.c.i.embedder.EclipseLogger - skip non existing resourceDirectory E:\Desktop\offbeat-jeans-3946-\Online Voting System\src\test\resources
2023-06-16 12:56:02,609 [Worker-27: Building] INFO  o.e.m.c.i.embedder.EclipseLogger - Using 'UTF-8' encoding to copy filtered resources.
2023-06-16 12:56:02,610 [Worker-27: Building] INFO  o.e.m.c.i.embedder.EclipseLogger - Copying 1 resource
2023-06-16 12:56:02,615 [Worker-27: Building] INFO  o.e.m.c.i.embedder.EclipseLogger - Using 'UTF-8' encoding to copy filtered resources.
2023-06-16 12:56:02,616 [Worker-27: Building] INFO  o.e.m.c.i.embedder.EclipseLogger - skip non existing resourceDirectory E:\Desktop\offbeat-jeans-3946-\Online Voting System\src\test\resources
2023-06-16 12:58:12,669 [Worker-27: Building] INFO  o.e.m.c.i.embedder.EclipseLogger - Using 'UTF-8' encoding to copy filtered resources.
2023-06-16 12:58:12,670 [Worker-27: Building] INFO  o.e.m.c.i.embedder.EclipseLogger - Copying 1 resource
2023-06-16 12:58:12,674 [Worker-27: Building] INFO  o.e.m.c.i.embedder.EclipseLogger - Using 'UTF-8' encoding to copy filtered resources.
2023-06-16 12:58:12,675 [Worker-27: Building] INFO  o.e.m.c.i.embedder.EclipseLogger - skip non existing resourceDirectory E:\Desktop\offbeat-jeans-3946-\Online Voting System\src\test\resources
2023-06-16 12:59:06,766 [Worker-29: Building] INFO  o.e.m.c.i.embedder.EclipseLogger - Using 'UTF-8' encoding to copy filtered resources.
2023-06-16 12:59:06,768 [Worker-29: Building] INFO  o.e.m.c.i.embedder.EclipseLogger - Copying 1 resource
2023-06-16 12:59:06,776 [Worker-29: Building] INFO  o.e.m.c.i.embedder.EclipseLogger - Using 'UTF-8' encoding to copy filtered resources.
2023-06-16 12:59:06,777 [Worker-29: Building] INFO  o.e.m.c.i.embedder.EclipseLogger - skip non existing resourceDirectory E:\Desktop\offbeat-jeans-3946-\Online Voting System\src\test\resources
2023-06-16 13:00:47,006 [Worker-31: Building] INFO  o.e.m.c.i.embedder.EclipseLogger - Using 'UTF-8' encoding to copy filtered resources.
2023-06-16 13:00:47,009 [Worker-31: Building] INFO  o.e.m.c.i.embedder.EclipseLogger - Copying 1 resource
2023-06-16 13:00:47,016 [Worker-31: Building] INFO  o.e.m.c.i.embedder.EclipseLogger - Using 'UTF-8' encoding to copy filtered resources.
2023-06-16 13:00:47,016 [Worker-31: Building] INFO  o.e.m.c.i.embedder.EclipseLogger - skip non existing resourceDirectory E:\Desktop\offbeat-jeans-3946-\Online Voting System\src\test\resources
2023-06-16 13:00:52,451 [Worker-30: Building] INFO  o.e.m.c.i.embedder.EclipseLogger - Using 'UTF-8' encoding to copy filtered resources.
2023-06-16 13:00:52,454 [Worker-30: Building] INFO  o.e.m.c.i.embedder.EclipseLogger - Copying 1 resource
2023-06-16 13:00:52,461 [Worker-30: Building] INFO  o.e.m.c.i.embedder.EclipseLogger - Using 'UTF-8' encoding to copy filtered resources.
2023-06-16 13:00:52,462 [Worker-30: Building] INFO  o.e.m.c.i.embedder.EclipseLogger - skip non existing resourceDirectory E:\Desktop\offbeat-jeans-3946-\Online Voting System\src\test\resources
2023-06-16 13:02:41,648 [Worker-29: Building] INFO  o.e.m.c.i.embedder.EclipseLogger - Using 'UTF-8' encoding to copy filtered resources.
2023-06-16 13:02:41,651 [Worker-29: Building] INFO  o.e.m.c.i.embedder.EclipseLogger - Copying 1 resource
2023-06-16 13:02:41,657 [Worker-29: Building] INFO  o.e.m.c.i.embedder.EclipseLogger - Using 'UTF-8' encoding to copy filtered resources.
2023-06-16 13:02:41,657 [Worker-29: Building] INFO  o.e.m.c.i.embedder.EclipseLogger - skip non existing resourceDirectory E:\Desktop\offbeat-jeans-3946-\Online Voting System\src\test\resources
2023-06-16 13:03:30,530 [Worker-24: Building] INFO  o.e.m.c.i.embedder.EclipseLogger - Using 'UTF-8' encoding to copy filtered resources.
2023-06-16 13:03:30,531 [Worker-24: Building] INFO  o.e.m.c.i.embedder.EclipseLogger - Copying 1 resource
2023-06-16 13:03:30,538 [Worker-24: Building] INFO  o.e.m.c.i.embedder.EclipseLogger - Using 'UTF-8' encoding to copy filtered resources.
2023-06-16 13:03:30,538 [Worker-24: Building] INFO  o.e.m.c.i.embedder.EclipseLogger - skip non existing resourceDirectory E:\Desktop\offbeat-jeans-3946-\Online Voting System\src\test\resources
2023-06-16 13:03:56,690 [Worker-27: Building] INFO  o.e.m.c.i.embedder.EclipseLogger - Using 'UTF-8' encoding to copy filtered resources.
2023-06-16 13:03:56,693 [Worker-27: Building] INFO  o.e.m.c.i.embedder.EclipseLogger - Copying 1 resource
2023-06-16 13:03:56,700 [Worker-27: Building] INFO  o.e.m.c.i.embedder.EclipseLogger - Using 'UTF-8' encoding to copy filtered resources.
2023-06-16 13:03:56,700 [Worker-27: Building] INFO  o.e.m.c.i.embedder.EclipseLogger - skip non existing resourceDirectory E:\Desktop\offbeat-jeans-3946-\Online Voting System\src\test\resources
2023-06-16 13:04:16,606 [Worker-30: Building] INFO  o.e.m.c.i.embedder.EclipseLogger - Using 'UTF-8' encoding to copy filtered resources.
2023-06-16 13:04:16,607 [Worker-30: Building] INFO  o.e.m.c.i.embedder.EclipseLogger - Copying 1 resource
2023-06-16 13:04:16,614 [Worker-30: Building] INFO  o.e.m.c.i.embedder.EclipseLogger - Using 'UTF-8' encoding to copy filtered resources.
2023-06-16 13:04:16,614 [Worker-30: Building] INFO  o.e.m.c.i.embedder.EclipseLogger - skip non existing resourceDirectory E:\Desktop\offbeat-jeans-3946-\Online Voting System\src\test\resources
2023-06-16 13:05:59,941 [Worker-29: Building] INFO  o.e.m.c.i.embedder.EclipseLogger - Using 'UTF-8' encoding to copy filtered resources.
2023-06-16 13:05:59,943 [Worker-29: Building] INFO  o.e.m.c.i.embedder.EclipseLogger - Copying 1 resource
2023-06-16 13:05:59,951 [Worker-29: Building] INFO  o.e.m.c.i.embedder.EclipseLogger - Using 'UTF-8' encoding to copy filtered resources.
2023-06-16 13:05:59,951 [Worker-29: Building] INFO  o.e.m.c.i.embedder.EclipseLogger - skip non existing resourceDirectory E:\Desktop\offbeat-jeans-3946-\Online Voting System\src\test\resources
2023-06-16 13:06:21,687 [Worker-30: Building] INFO  o.e.m.c.i.embedder.EclipseLogger - Using 'UTF-8' encoding to copy filtered resources.
2023-06-16 13:06:21,689 [Worker-30: Building] INFO  o.e.m.c.i.embedder.EclipseLogger - Copying 1 resource
2023-06-16 13:06:21,695 [Worker-30: Building] INFO  o.e.m.c.i.embedder.EclipseLogger - Using 'UTF-8' encoding to copy filtered resources.
2023-06-16 13:06:21,697 [Worker-30: Building] INFO  o.e.m.c.i.embedder.EclipseLogger - skip non existing resourceDirectory E:\Desktop\offbeat-jeans-3946-\Online Voting System\src\test\resources
2023-06-16 13:07:15,811 [Worker-24: Building] INFO  o.e.m.c.i.embedder.EclipseLogger - Using 'UTF-8' encoding to copy filtered resources.
2023-06-16 13:07:15,814 [Worker-24: Building] INFO  o.e.m.c.i.embedder.EclipseLogger - Copying 1 resource
2023-06-16 13:07:15,821 [Worker-24: Building] INFO  o.e.m.c.i.embedder.EclipseLogger - Using 'UTF-8' encoding to copy filtered resources.
2023-06-16 13:07:15,821 [Worker-24: Building] INFO  o.e.m.c.i.embedder.EclipseLogger - skip non existing resourceDirectory E:\Desktop\offbeat-jeans-3946-\Online Voting System\src\test\resources
2023-06-16 13:07:56,932 [Worker-30: Building] INFO  o.e.m.c.i.embedder.EclipseLogger - Using 'UTF-8' encoding to copy filtered resources.
2023-06-16 13:07:56,935 [Worker-30: Building] INFO  o.e.m.c.i.embedder.EclipseLogger - Copying 1 resource
2023-06-16 13:07:56,940 [Worker-30: Building] INFO  o.e.m.c.i.embedder.EclipseLogger - Using 'UTF-8' encoding to copy filtered resources.
2023-06-16 13:07:56,941 [Worker-30: Building] INFO  o.e.m.c.i.embedder.EclipseLogger - skip non existing resourceDirectory E:\Desktop\offbeat-jeans-3946-\Online Voting System\src\test\resources
2023-06-16 13:08:38,783 [Worker-27: Building] INFO  o.e.m.c.i.embedder.EclipseLogger - Using 'UTF-8' encoding to copy filtered resources.
2023-06-16 13:08:38,785 [Worker-27: Building] INFO  o.e.m.c.i.embedder.EclipseLogger - Copying 1 resource
2023-06-16 13:08:38,791 [Worker-27: Building] INFO  o.e.m.c.i.embedder.EclipseLogger - Using 'UTF-8' encoding to copy filtered resources.
2023-06-16 13:08:38,792 [Worker-27: Building] INFO  o.e.m.c.i.embedder.EclipseLogger - skip non existing resourceDirectory E:\Desktop\offbeat-jeans-3946-\Online Voting System\src\test\resources
2023-06-16 13:09:41,903 [Worker-24: Building] INFO  o.e.m.c.i.embedder.EclipseLogger - Using 'UTF-8' encoding to copy filtered resources.
2023-06-16 13:09:41,904 [Worker-24: Building] INFO  o.e.m.c.i.embedder.EclipseLogger - Copying 1 resource
2023-06-16 13:09:41,911 [Worker-24: Building] INFO  o.e.m.c.i.embedder.EclipseLogger - Using 'UTF-8' encoding to copy filtered resources.
2023-06-16 13:09:41,912 [Worker-24: Building] INFO  o.e.m.c.i.embedder.EclipseLogger - skip non existing resourceDirectory E:\Desktop\offbeat-jeans-3946-\Online Voting System\src\test\resources
2023-06-16 13:09:53,003 [Worker-24: Building] INFO  o.e.m.c.i.embedder.EclipseLogger - Using 'UTF-8' encoding to copy filtered resources.
2023-06-16 13:09:53,005 [Worker-24: Building] INFO  o.e.m.c.i.embedder.EclipseLogger - Copying 1 resource
2023-06-16 13:09:53,014 [Worker-24: Building] INFO  o.e.m.c.i.embedder.EclipseLogger - Using 'UTF-8' encoding to copy filtered resources.
2023-06-16 13:09:53,014 [Worker-24: Building] INFO  o.e.m.c.i.embedder.EclipseLogger - skip non existing resourceDirectory E:\Desktop\offbeat-jeans-3946-\Online Voting System\src\test\resources
2023-06-16 13:10:47,145 [Worker-27: Building] INFO  o.e.m.c.i.embedder.EclipseLogger - Using 'UTF-8' encoding to copy filtered resources.
2023-06-16 13:10:47,148 [Worker-27: Building] INFO  o.e.m.c.i.embedder.EclipseLogger - Copying 1 resource
2023-06-16 13:10:47,156 [Worker-27: Building] INFO  o.e.m.c.i.embedder.EclipseLogger - Using 'UTF-8' encoding to copy filtered resources.
2023-06-16 13:10:47,157 [Worker-27: Building] INFO  o.e.m.c.i.embedder.EclipseLogger - skip non existing resourceDirectory E:\Desktop\offbeat-jeans-3946-\Online Voting System\src\test\resources
2023-06-16 13:12:27,950 [Worker-24: Building] INFO  o.e.m.c.i.embedder.EclipseLogger - Using 'UTF-8' encoding to copy filtered resources.
2023-06-16 13:12:27,951 [Worker-24: Building] INFO  o.e.m.c.i.embedder.EclipseLogger - Copying 1 resource
2023-06-16 13:12:27,956 [Worker-24: Building] INFO  o.e.m.c.i.embedder.EclipseLogger - Using 'UTF-8' encoding to copy filtered resources.
2023-06-16 13:12:27,957 [Worker-24: Building] INFO  o.e.m.c.i.embedder.EclipseLogger - skip non existing resourceDirectory E:\Desktop\offbeat-jeans-3946-\Online Voting System\src\test\resources
2023-06-16 13:14:58,526 [Worker-31: Building] INFO  o.e.m.c.i.embedder.EclipseLogger - Using 'UTF-8' encoding to copy filtered resources.
2023-06-16 13:14:58,528 [Worker-31: Building] INFO  o.e.m.c.i.embedder.EclipseLogger - Copying 1 resource
2023-06-16 13:14:58,533 [Worker-31: Building] INFO  o.e.m.c.i.embedder.EclipseLogger - Using 'UTF-8' encoding to copy filtered resources.
2023-06-16 13:14:58,533 [Worker-31: Building] INFO  o.e.m.c.i.embedder.EclipseLogger - skip non existing resourceDirectory E:\Desktop\offbeat-jeans-3946-\Online Voting System\src\test\resources
2023-06-16 13:16:19,731 [Worker-27: Building] INFO  o.e.m.c.i.embedder.EclipseLogger - Using 'UTF-8' encoding to copy filtered resources.
2023-06-16 13:16:19,732 [Worker-27: Building] INFO  o.e.m.c.i.embedder.EclipseLogger - Copying 1 resource
2023-06-16 13:16:19,738 [Worker-27: Building] INFO  o.e.m.c.i.embedder.EclipseLogger - Using 'UTF-8' encoding to copy filtered resources.
2023-06-16 13:16:19,738 [Worker-27: Building] INFO  o.e.m.c.i.embedder.EclipseLogger - skip non existing resourceDirectory E:\Desktop\offbeat-jeans-3946-\Online Voting System\src\test\resources
2023-06-16 13:18:26,189 [Worker-24: Building] INFO  o.e.m.c.i.embedder.EclipseLogger - Using 'UTF-8' encoding to copy filtered resources.
2023-06-16 13:18:26,191 [Worker-24: Building] INFO  o.e.m.c.i.embedder.EclipseLogger - Copying 1 resource
2023-06-16 13:18:26,198 [Worker-24: Building] INFO  o.e.m.c.i.embedder.EclipseLogger - Using 'UTF-8' encoding to copy filtered resources.
2023-06-16 13:18:26,198 [Worker-24: Building] INFO  o.e.m.c.i.embedder.EclipseLogger - skip non existing resourceDirectory E:\Desktop\offbeat-jeans-3946-\Online Voting System\src\test\resources
2023-06-16 13:18:37,711 [Worker-24: Building] INFO  o.e.m.c.i.embedder.EclipseLogger - Using 'UTF-8' encoding to copy filtered resources.
2023-06-16 13:18:37,713 [Worker-24: Building] INFO  o.e.m.c.i.embedder.EclipseLogger - Copying 1 resource
2023-06-16 13:18:37,721 [Worker-24: Building] INFO  o.e.m.c.i.embedder.EclipseLogger - Using 'UTF-8' encoding to copy filtered resources.
2023-06-16 13:18:37,721 [Worker-24: Building] INFO  o.e.m.c.i.embedder.EclipseLogger - skip non existing resourceDirectory E:\Desktop\offbeat-jeans-3946-\Online Voting System\src\test\resources
2023-06-16 13:19:26,361 [Worker-33: Building] INFO  o.e.m.c.i.embedder.EclipseLogger - Using 'UTF-8' encoding to copy filtered resources.
2023-06-16 13:19:26,364 [Worker-33: Building] INFO  o.e.m.c.i.embedder.EclipseLogger - Copying 1 resource
2023-06-16 13:19:26,372 [Worker-33: Building] INFO  o.e.m.c.i.embedder.EclipseLogger - Using 'UTF-8' encoding to copy filtered resources.
2023-06-16 13:19:26,372 [Worker-33: Building] INFO  o.e.m.c.i.embedder.EclipseLogger - skip non existing resourceDirectory E:\Desktop\offbeat-jeans-3946-\Online Voting System\src\test\resources
2023-06-16 13:20:14,233 [Worker-30: Building] INFO  o.e.m.c.i.embedder.EclipseLogger - Using 'UTF-8' encoding to copy filtered resources.
2023-06-16 13:20:14,235 [Worker-30: Building] INFO  o.e.m.c.i.embedder.EclipseLogger - Copying 1 resource
2023-06-16 13:20:14,243 [Worker-30: Building] INFO  o.e.m.c.i.embedder.EclipseLogger - Using 'UTF-8' encoding to copy filtered resources.
2023-06-16 13:20:14,243 [Worker-30: Building] INFO  o.e.m.c.i.embedder.EclipseLogger - skip non existing resourceDirectory E:\Desktop\offbeat-jeans-3946-\Online Voting System\src\test\resources
2023-06-16 13:20:57,793 [Worker-32: Building] INFO  o.e.m.c.i.embedder.EclipseLogger - Using 'UTF-8' encoding to copy filtered resources.
2023-06-16 13:20:57,794 [Worker-32: Building] INFO  o.e.m.c.i.embedder.EclipseLogger - Copying 1 resource
2023-06-16 13:20:57,797 [Worker-32: Building] INFO  o.e.m.c.i.embedder.EclipseLogger - Using 'UTF-8' encoding to copy filtered resources.
2023-06-16 13:20:57,797 [Worker-32: Building] INFO  o.e.m.c.i.embedder.EclipseLogger - skip non existing resourceDirectory E:\Desktop\offbeat-jeans-3946-\Online Voting System\src\test\resources
2023-06-16 17:37:38,644 [Worker-38: Building] INFO  o.e.m.c.i.embedder.EclipseLogger - Using 'UTF-8' encoding to copy filtered resources.
2023-06-16 17:37:38,647 [Worker-38: Building] INFO  o.e.m.c.i.embedder.EclipseLogger - Copying 1 resource
2023-06-16 17:37:38,652 [Worker-38: Building] INFO  o.e.m.c.i.embedder.EclipseLogger - Using 'UTF-8' encoding to copy filtered resources.
2023-06-16 17:37:38,652 [Worker-38: Building] INFO  o.e.m.c.i.embedder.EclipseLogger - skip non existing resourceDirectory E:\Desktop\offbeat-jeans-3946-\Online Voting System\src\test\resources
2023-06-16 17:39:09,676 [Worker-38: Building] INFO  o.e.m.c.i.embedder.EclipseLogger - Using 'UTF-8' encoding to copy filtered resources.
2023-06-16 17:39:09,678 [Worker-38: Building] INFO  o.e.m.c.i.embedder.EclipseLogger - Copying 1 resource
2023-06-16 17:39:09,687 [Worker-38: Building] INFO  o.e.m.c.i.embedder.EclipseLogger - Using 'UTF-8' encoding to copy filtered resources.
2023-06-16 17:39:09,687 [Worker-38: Building] INFO  o.e.m.c.i.embedder.EclipseLogger - skip non existing resourceDirectory E:\Desktop\offbeat-jeans-3946-\Online Voting System\src\test\resources
2023-06-16 17:40:35,325 [Worker-34: Building] INFO  o.e.m.c.i.embedder.EclipseLogger - Using 'UTF-8' encoding to copy filtered resources.
2023-06-16 17:40:35,327 [Worker-34: Building] INFO  o.e.m.c.i.embedder.EclipseLogger - Copying 1 resource
2023-06-16 17:40:35,331 [Worker-34: Building] INFO  o.e.m.c.i.embedder.EclipseLogger - Using 'UTF-8' encoding to copy filtered resources.
2023-06-16 17:40:35,332 [Worker-34: Building] INFO  o.e.m.c.i.embedder.EclipseLogger - skip non existing resourceDirectory E:\Desktop\offbeat-jeans-3946-\Online Voting System\src\test\resources
2023-06-16 17:40:55,035 [Worker-38: Building] INFO  o.e.m.c.i.embedder.EclipseLogger - Using 'UTF-8' encoding to copy filtered resources.
2023-06-16 17:40:55,037 [Worker-38: Building] INFO  o.e.m.c.i.embedder.EclipseLogger - Copying 1 resource
2023-06-16 17:40:55,043 [Worker-38: Building] INFO  o.e.m.c.i.embedder.EclipseLogger - Using 'UTF-8' encoding to copy filtered resources.
2023-06-16 17:40:55,044 [Worker-38: Building] INFO  o.e.m.c.i.embedder.EclipseLogger - skip non existing resourceDirectory E:\Desktop\offbeat-jeans-3946-\Online Voting System\src\test\resources
2023-06-16 17:44:20,651 [Worker-38: Building] INFO  o.e.m.c.i.embedder.EclipseLogger - Using 'UTF-8' encoding to copy filtered resources.
2023-06-16 17:44:20,653 [Worker-38: Building] INFO  o.e.m.c.i.embedder.EclipseLogger - Copying 1 resource
2023-06-16 17:44:20,657 [Worker-38: Building] INFO  o.e.m.c.i.embedder.EclipseLogger - Using 'UTF-8' encoding to copy filtered resources.
2023-06-16 17:44:20,657 [Worker-38: Building] INFO  o.e.m.c.i.embedder.EclipseLogger - skip non existing resourceDirectory E:\Desktop\offbeat-jeans-3946-\Online Voting System\src\test\resources
2023-06-16 17:58:09,315 [Worker-37: Building] INFO  o.e.m.c.i.embedder.EclipseLogger - Using 'UTF-8' encoding to copy filtered resources.
2023-06-16 17:58:09,319 [Worker-37: Building] INFO  o.e.m.c.i.embedder.EclipseLogger - Copying 1 resource
2023-06-16 17:58:09,329 [Worker-37: Building] INFO  o.e.m.c.i.embedder.EclipseLogger - Using 'UTF-8' encoding to copy filtered resources.
2023-06-16 17:58:09,329 [Worker-37: Building] INFO  o.e.m.c.i.embedder.EclipseLogger - skip non existing resourceDirectory E:\Desktop\offbeat-jeans-3946-\Online Voting System\src\test\resources
2023-06-16 17:59:24,793 [Worker-42: Building] INFO  o.e.m.c.i.l.LifecycleMappingFactory - Using org.eclipse.m2e.jdt.JarLifecycleMapping lifecycle mapping for MavenProject: com.masai:CwProject:0.0.1-SNAPSHOT @ E:\Desktop\offbeat-jeans-3946-\Online Voting System\pom.xml.
2023-06-16 17:59:24,839 [Worker-42: Building] WARN  o.e.m.c.i.embedder.EclipseLogger - The POM for org.hibernate:hibernate-core:jar:6.2.7.Final is missing, no dependency information available
2023-06-16 17:59:24,843 [Worker-42: Building] WARN  o.e.m.c.i.embedder.EclipseLogger - The artifact mysql:mysql-connector-java:jar:8.0.32 has been relocated to com.mysql:mysql-connector-j:jar:8.0.32: MySQL Connector/J artifacts moved to reverse-DNS compliant Maven 2+ coordinates.
2023-06-16 17:59:25,209 [Worker-42: Building] INFO  o.e.m.c.i.embedder.EclipseLogger - Using 'UTF-8' encoding to copy filtered resources.
2023-06-16 17:59:25,217 [Worker-42: Building] INFO  o.e.m.c.i.embedder.EclipseLogger - Copying 0 resource
2023-06-16 17:59:25,223 [Worker-42: Building] INFO  o.e.m.c.i.embedder.EclipseLogger - Using 'UTF-8' encoding to copy filtered resources.
2023-06-16 17:59:25,224 [Worker-42: Building] INFO  o.e.m.c.i.embedder.EclipseLogger - skip non existing resourceDirectory E:\Desktop\offbeat-jeans-3946-\Online Voting System\src\test\resources
2023-06-16 17:59:27,136 [Worker-43: Download sources and javadoc] INFO  o.e.m.c.i.e.AbstractTransferListenerAdapter - Downloaded https://repo.maven.apache.org/maven2/org/hibernate/hibernate-core/6.2.7.Final/hibernate-core-6.2.7.Final-sources.jar
2023-06-16 17:59:27,153 [Worker-43: Download sources and javadoc] ERROR o.e.m.j.internal.DownloadSourcesJob - Could not download sources for org.hibernate:hibernate-core:6.2.7.Final
org.eclipse.core.runtime.CoreException: Could not resolve artifact org.hibernate:hibernate-core:jar:sources:6.2.7.Final
	at org.eclipse.m2e.core.internal.embedder.MavenImpl.lambda$6(MavenImpl.java:584)
	at org.eclipse.m2e.core.internal.embedder.MavenExecutionContext.executeBare(MavenExecutionContext.java:394)
	at org.eclipse.m2e.core.internal.embedder.MavenExecutionContext.execute(MavenExecutionContext.java:228)
	at org.eclipse.m2e.core.internal.embedder.MavenExecutionContext.execute(MavenExecutionContext.java:214)
	at org.eclipse.m2e.core.internal.embedder.MavenImpl.resolve(MavenImpl.java:553)
	at org.eclipse.m2e.core.internal.embedder.MavenImpl.resolve(MavenImpl.java:538)
	at org.eclipse.m2e.jdt.internal.DownloadSourcesJob.download(DownloadSourcesJob.java:308)
	at org.eclipse.m2e.jdt.internal.DownloadSourcesJob.downloadAttachments(DownloadSourcesJob.java:282)
	at org.eclipse.m2e.jdt.internal.DownloadSourcesJob.downloadMaven(DownloadSourcesJob.java:252)
	at org.eclipse.m2e.jdt.internal.DownloadSourcesJob.downloadFilesAndPopulateToUpdate(DownloadSourcesJob.java:220)
	at org.eclipse.m2e.jdt.internal.DownloadSourcesJob.lambda$0(DownloadSourcesJob.java:149)
	at org.eclipse.m2e.core.internal.embedder.MavenExecutionContext.executeBare(MavenExecutionContext.java:394)
	at org.eclipse.m2e.core.internal.embedder.MavenExecutionContext.execute(MavenExecutionContext.java:275)
	at org.eclipse.m2e.core.internal.embedder.MavenExecutionContext.execute(MavenExecutionContext.java:214)
	at org.eclipse.m2e.core.embedder.IMaven.execute(IMaven.java:294)
	at org.eclipse.m2e.jdt.internal.DownloadSourcesJob.run(DownloadSourcesJob.java:149)
	at org.eclipse.core.internal.jobs.Worker.run(Worker.java:63)
2023-06-16 17:59:42,513 [Worker-44: Updating Maven Project] INFO  o.e.m.c.i.p.ProjectConfigurationManager - Update started
2023-06-16 17:59:43,090 [Worker-44: Updating Maven Project] INFO  o.e.m.c.i.l.LifecycleMappingFactory - Using org.eclipse.m2e.jdt.JarLifecycleMapping lifecycle mapping for MavenProject: com.masai:CwProject:0.0.1-SNAPSHOT @ E:\Desktop\offbeat-jeans-3946-\Online Voting System\pom.xml.
2023-06-16 17:59:43,616 [Worker-44: Updating Maven Project] INFO  o.e.m.c.i.e.AbstractTransferListenerAdapter - Downloaded https://repo.maven.apache.org/maven2/org/hibernate/hibernate-core/6.2.7.Final/hibernate-core-6.2.7.Final.pom
2023-06-16 17:59:43,619 [Worker-44: Updating Maven Project] WARN  o.e.m.c.i.embedder.EclipseLogger - The POM for org.hibernate:hibernate-core:jar:6.2.7.Final is missing, no dependency information available
2023-06-16 17:59:43,621 [Worker-44: Updating Maven Project] WARN  o.e.m.c.i.embedder.EclipseLogger - The artifact mysql:mysql-connector-java:jar:8.0.32 has been relocated to com.mysql:mysql-connector-j:jar:8.0.32: MySQL Connector/J artifacts moved to reverse-DNS compliant Maven 2+ coordinates.
2023-06-16 17:59:43,962 [Worker-44: Updating Maven Project] INFO  o.e.m.c.i.e.AbstractTransferListenerAdapter - Downloaded https://repo.maven.apache.org/maven2/org/hibernate/hibernate-core/6.2.7.Final/hibernate-core-6.2.7.Final.jar
2023-06-16 17:59:44,225 [Worker-44: Updating Maven Project] INFO  o.e.m.j.i.AbstractJavaProjectConfigurator - Adding source folder /Online Voting System/src/main/java
2023-06-16 17:59:44,226 [Worker-44: Updating Maven Project] INFO  o.e.m.j.i.AbstractJavaProjectConfigurator - Adding resource folder /Online Voting System/src/main/resources
2023-06-16 17:59:44,246 [Worker-44: Updating Maven Project] INFO  o.e.m.j.i.AbstractJavaProjectConfigurator - Adding source folder /Online Voting System/src/test/java
2023-06-16 17:59:44,634 [Worker-44: Updating Maven Project] INFO  o.e.m.c.i.p.ProjectConfigurationManager - Update completed for 1 poms: local refresh takes 0.00 sec, refresh facades takes 1.00 sec, update config takes 0.00 sec 
2023-06-16 17:59:44,781 [Worker-48: Building] INFO  o.e.m.c.i.embedder.EclipseLogger - Using 'UTF-8' encoding to copy filtered resources.
2023-06-16 17:59:44,782 [Worker-48: Building] INFO  o.e.m.c.i.embedder.EclipseLogger - Copying 1 resource
2023-06-16 17:59:44,814 [Worker-48: Building] INFO  o.e.m.c.i.embedder.EclipseLogger - Using 'UTF-8' encoding to copy filtered resources.
2023-06-16 17:59:44,815 [Worker-48: Building] INFO  o.e.m.c.i.embedder.EclipseLogger - skip non existing resourceDirectory E:\Desktop\offbeat-jeans-3946-\Online Voting System\src\test\resources
2023-06-16 17:59:45,955 [Worker-50: Download sources and javadoc] INFO  o.e.m.c.i.e.AbstractTransferListenerAdapter - Downloaded https://repo.maven.apache.org/maven2/org/hibernate/hibernate-core/6.2.7.Final/hibernate-core-6.2.7.Final-javadoc.jar
2023-06-16 17:59:45,959 [Worker-50: Download sources and javadoc] ERROR o.e.m.j.internal.DownloadSourcesJob - Could not download javadoc for org.hibernate:hibernate-core:6.2.7.Final
org.eclipse.core.runtime.CoreException: Could not resolve artifact org.hibernate:hibernate-core:jar:javadoc:6.2.7.Final
	at org.eclipse.m2e.core.internal.embedder.MavenImpl.lambda$6(MavenImpl.java:584)
	at org.eclipse.m2e.core.internal.embedder.MavenExecutionContext.executeBare(MavenExecutionContext.java:394)
	at org.eclipse.m2e.core.internal.embedder.MavenExecutionContext.execute(MavenExecutionContext.java:228)
	at org.eclipse.m2e.core.internal.embedder.MavenExecutionContext.execute(MavenExecutionContext.java:214)
	at org.eclipse.m2e.core.internal.embedder.MavenImpl.resolve(MavenImpl.java:553)
	at org.eclipse.m2e.core.internal.embedder.MavenImpl.resolve(MavenImpl.java:538)
	at org.eclipse.m2e.jdt.internal.DownloadSourcesJob.download(DownloadSourcesJob.java:308)
	at org.eclipse.m2e.jdt.internal.DownloadSourcesJob.downloadAttachments(DownloadSourcesJob.java:294)
	at org.eclipse.m2e.jdt.internal.DownloadSourcesJob.downloadMaven(DownloadSourcesJob.java:252)
	at org.eclipse.m2e.jdt.internal.DownloadSourcesJob.downloadFilesAndPopulateToUpdate(DownloadSourcesJob.java:220)
	at org.eclipse.m2e.jdt.internal.DownloadSourcesJob.lambda$0(DownloadSourcesJob.java:149)
	at org.eclipse.m2e.core.internal.embedder.MavenExecutionContext.executeBare(MavenExecutionContext.java:394)
	at org.eclipse.m2e.core.internal.embedder.MavenExecutionContext.execute(MavenExecutionContext.java:275)
	at org.eclipse.m2e.core.internal.embedder.MavenExecutionContext.execute(MavenExecutionContext.java:214)
	at org.eclipse.m2e.core.embedder.IMaven.execute(IMaven.java:294)
	at org.eclipse.m2e.jdt.internal.DownloadSourcesJob.run(DownloadSourcesJob.java:149)
	at org.eclipse.core.internal.jobs.Worker.run(Worker.java:63)
2023-06-16 18:00:40,576 [Worker-34: Building] INFO  o.e.m.c.i.l.LifecycleMappingFactory - Using org.eclipse.m2e.jdt.JarLifecycleMapping lifecycle mapping for MavenProject: com.masai:CwProject:0.0.1-SNAPSHOT @ E:\Desktop\offbeat-jeans-3946-\Online Voting System\pom.xml.
2023-06-16 18:00:40,731 [Worker-34: Building] WARN  o.e.m.c.i.embedder.EclipseLogger - The artifact mysql:mysql-connector-java:jar:8.0.32 has been relocated to com.mysql:mysql-connector-j:jar:8.0.32: MySQL Connector/J artifacts moved to reverse-DNS compliant Maven 2+ coordinates.
2023-06-16 18:00:40,734 [Worker-34: Building] WARN  o.e.m.c.i.embedder.EclipseLogger - The artifact org.hibernate:hibernate-core:jar:6.2.3.Final has been relocated to org.hibernate.orm:hibernate-core:jar:6.2.3.Final
2023-06-16 18:00:41,487 [Worker-34: Building] INFO  o.e.m.c.i.embedder.EclipseLogger - Using 'UTF-8' encoding to copy filtered resources.
2023-06-16 18:00:41,492 [Worker-34: Building] INFO  o.e.m.c.i.embedder.EclipseLogger - Copying 0 resource
2023-06-16 18:00:41,497 [Worker-34: Building] INFO  o.e.m.c.i.embedder.EclipseLogger - Using 'UTF-8' encoding to copy filtered resources.
2023-06-16 18:00:41,497 [Worker-34: Building] INFO  o.e.m.c.i.embedder.EclipseLogger - skip non existing resourceDirectory E:\Desktop\offbeat-jeans-3946-\Online Voting System\src\test\resources
2023-06-16 18:00:57,434 [Worker-43: Updating Maven Project] INFO  o.e.m.c.i.p.ProjectConfigurationManager - Update started
2023-06-16 18:00:57,961 [Worker-43: Updating Maven Project] INFO  o.e.m.c.i.l.LifecycleMappingFactory - Using org.eclipse.m2e.jdt.JarLifecycleMapping lifecycle mapping for MavenProject: com.masai:CwProject:0.0.1-SNAPSHOT @ E:\Desktop\offbeat-jeans-3946-\Online Voting System\pom.xml.
2023-06-16 18:00:58,082 [Worker-43: Updating Maven Project] WARN  o.e.m.c.i.embedder.EclipseLogger - The artifact mysql:mysql-connector-java:jar:8.0.32 has been relocated to com.mysql:mysql-connector-j:jar:8.0.32: MySQL Connector/J artifacts moved to reverse-DNS compliant Maven 2+ coordinates.
2023-06-16 18:00:58,084 [Worker-43: Updating Maven Project] WARN  o.e.m.c.i.embedder.EclipseLogger - The artifact org.hibernate:hibernate-core:jar:6.2.3.Final has been relocated to org.hibernate.orm:hibernate-core:jar:6.2.3.Final
2023-06-16 18:00:58,806 [Worker-43: Updating Maven Project] INFO  o.e.m.j.i.AbstractJavaProjectConfigurator - Adding source folder /Online Voting System/src/main/java
2023-06-16 18:00:58,807 [Worker-43: Updating Maven Project] INFO  o.e.m.j.i.AbstractJavaProjectConfigurator - Adding resource folder /Online Voting System/src/main/resources
2023-06-16 18:00:58,808 [Worker-43: Updating Maven Project] INFO  o.e.m.j.i.AbstractJavaProjectConfigurator - Adding source folder /Online Voting System/src/test/java
2023-06-16 18:00:59,118 [Worker-43: Updating Maven Project] INFO  o.e.m.c.i.p.ProjectConfigurationManager - Update completed for 1 poms: local refresh takes 0.00 sec, refresh facades takes 1.00 sec, update config takes 0.00 sec 
2023-06-16 18:00:59,404 [Worker-43: Building] INFO  o.e.m.c.i.embedder.EclipseLogger - Using 'UTF-8' encoding to copy filtered resources.
2023-06-16 18:00:59,405 [Worker-43: Building] INFO  o.e.m.c.i.embedder.EclipseLogger - Copying 1 resource
2023-06-16 18:00:59,427 [Worker-43: Building] INFO  o.e.m.c.i.embedder.EclipseLogger - Using 'UTF-8' encoding to copy filtered resources.
2023-06-16 18:00:59,427 [Worker-43: Building] INFO  o.e.m.c.i.embedder.EclipseLogger - skip non existing resourceDirectory E:\Desktop\offbeat-jeans-3946-\Online Voting System\src\test\resources
2023-06-16 18:03:09,168 [Worker-42: Building] INFO  o.e.m.c.i.embedder.EclipseLogger - Using 'UTF-8' encoding to copy filtered resources.
2023-06-16 18:03:09,170 [Worker-42: Building] INFO  o.e.m.c.i.embedder.EclipseLogger - Copying 1 resource
2023-06-16 18:03:09,186 [Worker-42: Building] INFO  o.e.m.c.i.embedder.EclipseLogger - Using 'UTF-8' encoding to copy filtered resources.
2023-06-16 18:03:09,186 [Worker-42: Building] INFO  o.e.m.c.i.embedder.EclipseLogger - skip non existing resourceDirectory E:\Desktop\offbeat-jeans-3946-\Online Voting System\src\test\resources
2023-06-16 18:04:53,272 [Worker-45: Building] INFO  o.e.m.c.i.embedder.EclipseLogger - Using 'UTF-8' encoding to copy filtered resources.
2023-06-16 18:04:53,273 [Worker-45: Building] INFO  o.e.m.c.i.embedder.EclipseLogger - Copying 1 resource
2023-06-16 18:04:53,277 [Worker-45: Building] INFO  o.e.m.c.i.embedder.EclipseLogger - Using 'UTF-8' encoding to copy filtered resources.
2023-06-16 18:04:53,278 [Worker-45: Building] INFO  o.e.m.c.i.embedder.EclipseLogger - skip non existing resourceDirectory E:\Desktop\offbeat-jeans-3946-\Online Voting System\src\test\resources
2023-06-16 18:06:13,548 [Worker-50: Building] INFO  o.e.m.c.i.embedder.EclipseLogger - Using 'UTF-8' encoding to copy filtered resources.
2023-06-16 18:06:13,549 [Worker-50: Building] INFO  o.e.m.c.i.embedder.EclipseLogger - Copying 1 resource
2023-06-16 18:06:13,555 [Worker-50: Building] INFO  o.e.m.c.i.embedder.EclipseLogger - Using 'UTF-8' encoding to copy filtered resources.
2023-06-16 18:06:13,555 [Worker-50: Building] INFO  o.e.m.c.i.embedder.EclipseLogger - skip non existing resourceDirectory E:\Desktop\offbeat-jeans-3946-\Online Voting System\src\test\resources
2023-06-16 18:07:49,886 [Worker-54: Building] INFO  o.e.m.c.i.l.LifecycleMappingFactory - Using org.eclipse.m2e.jdt.JarLifecycleMapping lifecycle mapping for MavenProject: com.masai:CwProject:0.0.1-SNAPSHOT @ E:\Desktop\offbeat-jeans-3946-\Online Voting System2\pom.xml.
2023-06-16 18:07:50,022 [Worker-54: Building] WARN  o.e.m.c.i.embedder.EclipseLogger - The artifact mysql:mysql-connector-java:jar:8.0.32 has been relocated to com.mysql:mysql-connector-j:jar:8.0.32: MySQL Connector/J artifacts moved to reverse-DNS compliant Maven 2+ coordinates.
2023-06-16 18:07:50,026 [Worker-54: Building] WARN  o.e.m.c.i.embedder.EclipseLogger - The artifact org.hibernate:hibernate-core:jar:6.2.3.Final has been relocated to org.hibernate.orm:hibernate-core:jar:6.2.3.Final
2023-06-16 18:07:51,166 [Worker-54: Building] INFO  o.e.m.c.i.embedder.EclipseLogger - Using 'UTF-8' encoding to copy filtered resources.
2023-06-16 18:07:51,167 [Worker-54: Building] INFO  o.e.m.c.i.embedder.EclipseLogger - Copying 1 resource
2023-06-16 18:07:51,193 [Worker-54: Building] INFO  o.e.m.c.i.embedder.EclipseLogger - Using 'UTF-8' encoding to copy filtered resources.
2023-06-16 18:07:51,194 [Worker-54: Building] INFO  o.e.m.c.i.embedder.EclipseLogger - skip non existing resourceDirectory E:\Desktop\offbeat-jeans-3946-\Online Voting System2\src\test\resources
2023-06-16 18:10:45,672 [Worker-62: Building] INFO  o.e.m.c.i.l.LifecycleMappingFactory - Using org.eclipse.m2e.jdt.JarLifecycleMapping lifecycle mapping for MavenProject: com.masai:CwProject:0.0.1-SNAPSHOT @ E:\Desktop\offbeat-jeans-3946-\Online Voting System\pom.xml.
2023-06-16 18:10:45,807 [Worker-62: Building] WARN  o.e.m.c.i.embedder.EclipseLogger - The artifact mysql:mysql-connector-java:jar:8.0.32 has been relocated to com.mysql:mysql-connector-j:jar:8.0.32: MySQL Connector/J artifacts moved to reverse-DNS compliant Maven 2+ coordinates.
2023-06-16 18:10:45,809 [Worker-62: Building] WARN  o.e.m.c.i.embedder.EclipseLogger - The artifact org.hibernate:hibernate-core:jar:6.2.3.Final has been relocated to org.hibernate.orm:hibernate-core:jar:6.2.3.Final
2023-06-16 18:10:46,866 [Worker-62: Building] INFO  o.e.m.c.i.embedder.EclipseLogger - Using 'UTF-8' encoding to copy filtered resources.
2023-06-16 18:10:46,867 [Worker-62: Building] INFO  o.e.m.c.i.embedder.EclipseLogger - Copying 1 resource
2023-06-16 18:10:46,895 [Worker-62: Building] INFO  o.e.m.c.i.embedder.EclipseLogger - Using 'UTF-8' encoding to copy filtered resources.
2023-06-16 18:10:46,895 [Worker-62: Building] INFO  o.e.m.c.i.embedder.EclipseLogger - skip non existing resourceDirectory E:\Desktop\offbeat-jeans-3946-\Online Voting System\src\test\resources
2023-06-16 18:13:20,513 [Worker-63: Building] INFO  o.e.m.c.i.embedder.EclipseLogger - Using 'UTF-8' encoding to copy filtered resources.
2023-06-16 18:13:20,517 [Worker-63: Building] INFO  o.e.m.c.i.embedder.EclipseLogger - Copying 1 resource
2023-06-16 18:13:20,531 [Worker-63: Building] INFO  o.e.m.c.i.embedder.EclipseLogger - Using 'UTF-8' encoding to copy filtered resources.
2023-06-16 18:13:20,531 [Worker-63: Building] INFO  o.e.m.c.i.embedder.EclipseLogger - skip non existing resourceDirectory E:\Desktop\offbeat-jeans-3946-\Online Voting System\src\test\resources
2023-06-16 18:15:04,555 [Worker-59: Building] INFO  o.e.m.c.i.embedder.EclipseLogger - Using 'UTF-8' encoding to copy filtered resources.
2023-06-16 18:15:04,556 [Worker-59: Building] INFO  o.e.m.c.i.embedder.EclipseLogger - Copying 1 resource
2023-06-16 18:15:04,560 [Worker-59: Building] INFO  o.e.m.c.i.embedder.EclipseLogger - Using 'UTF-8' encoding to copy filtered resources.
2023-06-16 18:15:04,560 [Worker-59: Building] INFO  o.e.m.c.i.embedder.EclipseLogger - skip non existing resourceDirectory E:\Desktop\offbeat-jeans-3946-\Online Voting System\src\test\resources
2023-06-17 17:07:08,843 [Worker-6: Loading available Gradle versions] INFO  o.e.b.c.i.u.g.PublishedGradleVersions - Gradle version information cache is up-to-date. Trying to read.
2023-06-17 17:07:32,010 [Worker-6: Building] INFO  o.e.m.c.i.l.LifecycleMappingFactory - Using org.eclipse.m2e.jdt.JarLifecycleMapping lifecycle mapping for MavenProject: com.masai:CwProject:0.0.1-SNAPSHOT @ E:\Desktop\offbeat-jeans-3946-\Online Voting System2\pom.xml.
2023-06-17 17:07:32,390 [Worker-6: Building] WARN  o.e.m.c.i.embedder.EclipseLogger - The artifact mysql:mysql-connector-java:jar:8.0.32 has been relocated to com.mysql:mysql-connector-j:jar:8.0.32: MySQL Connector/J artifacts moved to reverse-DNS compliant Maven 2+ coordinates.
2023-06-17 17:07:32,394 [Worker-6: Building] WARN  o.e.m.c.i.embedder.EclipseLogger - The artifact org.hibernate:hibernate-core:jar:6.2.3.Final has been relocated to org.hibernate.orm:hibernate-core:jar:6.2.3.Final
2023-06-17 17:07:34,213 [Worker-6: Building] INFO  o.e.m.c.i.embedder.EclipseLogger - Using 'UTF-8' encoding to copy filtered resources.
2023-06-17 17:07:34,226 [Worker-6: Building] INFO  o.e.m.c.i.embedder.EclipseLogger - Copying 1 resource
2023-06-17 17:07:34,270 [Worker-6: Building] INFO  o.e.m.c.i.embedder.EclipseLogger - Using 'UTF-8' encoding to copy filtered resources.
2023-06-17 17:07:34,271 [Worker-6: Building] INFO  o.e.m.c.i.embedder.EclipseLogger - skip non existing resourceDirectory E:\Desktop\offbeat-jeans-3946-\Online Voting System2\src\test\resources
2023-06-17 17:09:22,651 [Worker-3: Launching mavenrun-d4c48ee7-f86d-4975-bb77-ac557e445c68] INFO  o.eclipse.m2e.core.internal.Bundles - getClasspathEntries(Bundle=org.eclipse.m2e.maven.runtime_3.8.701.20230209-1606 [346])
2023-06-17 17:09:22,661 [Worker-3: Launching mavenrun-d4c48ee7-f86d-4975-bb77-ac557e445c68] INFO  o.eclipse.m2e.core.internal.Bundles - 	Entry: D:\Download\spring-tool-suite\contents\sts-4.18.0.RELEASE\plugins\org.eclipse.m2e.maven.runtime_3.8.701.20230209-1606
2023-06-17 17:09:22,662 [Worker-3: Launching mavenrun-d4c48ee7-f86d-4975-bb77-ac557e445c68] INFO  o.eclipse.m2e.core.internal.Bundles - 	Entry: D:\Download\spring-tool-suite\contents\sts-4.18.0.RELEASE\plugins\org.eclipse.m2e.maven.runtime_3.8.701.20230209-1606\jars\aether-connector-okhttp-0.17.8.jar
2023-06-17 17:09:22,662 [Worker-3: Launching mavenrun-d4c48ee7-f86d-4975-bb77-ac557e445c68] INFO  o.eclipse.m2e.core.internal.Bundles - 	Entry: D:\Download\spring-tool-suite\contents\sts-4.18.0.RELEASE\plugins\org.eclipse.m2e.maven.runtime_3.8.701.20230209-1606\jars\commons-lang3-3.8.1.jar
2023-06-17 17:09:22,663 [Worker-3: Launching mavenrun-d4c48ee7-f86d-4975-bb77-ac557e445c68] INFO  o.eclipse.m2e.core.internal.Bundles - 	Entry: D:\Download\spring-tool-suite\contents\sts-4.18.0.RELEASE\plugins\org.eclipse.m2e.maven.runtime_3.8.701.20230209-1606\jars\guice-4.2.2-no_aop.jar
2023-06-17 17:09:22,663 [Worker-3: Launching mavenrun-d4c48ee7-f86d-4975-bb77-ac557e445c68] INFO  o.eclipse.m2e.core.internal.Bundles - 	Entry: D:\Download\spring-tool-suite\contents\sts-4.18.0.RELEASE\plugins\org.eclipse.m2e.maven.runtime_3.8.701.20230209-1606\jars\jansi-2.4.0.jar
2023-06-17 17:09:22,663 [Worker-3: Launching mavenrun-d4c48ee7-f86d-4975-bb77-ac557e445c68] INFO  o.eclipse.m2e.core.internal.Bundles - 	Entry: D:\Download\spring-tool-suite\contents\sts-4.18.0.RELEASE\plugins\org.eclipse.m2e.maven.runtime_3.8.701.20230209-1606\jars\maven-artifact-3.8.7.jar
2023-06-17 17:09:22,663 [Worker-3: Launching mavenrun-d4c48ee7-f86d-4975-bb77-ac557e445c68] INFO  o.eclipse.m2e.core.internal.Bundles - 	Entry: D:\Download\spring-tool-suite\contents\sts-4.18.0.RELEASE\plugins\org.eclipse.m2e.maven.runtime_3.8.701.20230209-1606\jars\maven-builder-support-3.8.7.jar
2023-06-17 17:09:22,663 [Worker-3: Launching mavenrun-d4c48ee7-f86d-4975-bb77-ac557e445c68] INFO  o.eclipse.m2e.core.internal.Bundles - 	Entry: D:\Download\spring-tool-suite\contents\sts-4.18.0.RELEASE\plugins\org.eclipse.m2e.maven.runtime_3.8.701.20230209-1606\jars\maven-compat-3.8.7.jar
2023-06-17 17:09:22,664 [Worker-3: Launching mavenrun-d4c48ee7-f86d-4975-bb77-ac557e445c68] INFO  o.eclipse.m2e.core.internal.Bundles - 	Entry: D:\Download\spring-tool-suite\contents\sts-4.18.0.RELEASE\plugins\org.eclipse.m2e.maven.runtime_3.8.701.20230209-1606\jars\maven-core-3.8.7.jar
2023-06-17 17:09:22,664 [Worker-3: Launching mavenrun-d4c48ee7-f86d-4975-bb77-ac557e445c68] INFO  o.eclipse.m2e.core.internal.Bundles - 	Entry: D:\Download\spring-tool-suite\contents\sts-4.18.0.RELEASE\plugins\org.eclipse.m2e.maven.runtime_3.8.701.20230209-1606\jars\maven-embedder-3.8.7.jar
2023-06-17 17:09:22,664 [Worker-3: Launching mavenrun-d4c48ee7-f86d-4975-bb77-ac557e445c68] INFO  o.eclipse.m2e.core.internal.Bundles - 	Entry: D:\Download\spring-tool-suite\contents\sts-4.18.0.RELEASE\plugins\org.eclipse.m2e.maven.runtime_3.8.701.20230209-1606\jars\maven-model-3.8.7.jar
2023-06-17 17:09:22,665 [Worker-3: Launching mavenrun-d4c48ee7-f86d-4975-bb77-ac557e445c68] INFO  o.eclipse.m2e.core.internal.Bundles - 	Entry: D:\Download\spring-tool-suite\contents\sts-4.18.0.RELEASE\plugins\org.eclipse.m2e.maven.runtime_3.8.701.20230209-1606\jars\maven-model-builder-3.8.7.jar
2023-06-17 17:09:22,665 [Worker-3: Launching mavenrun-d4c48ee7-f86d-4975-bb77-ac557e445c68] INFO  o.eclipse.m2e.core.internal.Bundles - 	Entry: D:\Download\spring-tool-suite\contents\sts-4.18.0.RELEASE\plugins\org.eclipse.m2e.maven.runtime_3.8.701.20230209-1606\jars\maven-plugin-api-3.8.7.jar
2023-06-17 17:09:22,665 [Worker-3: Launching mavenrun-d4c48ee7-f86d-4975-bb77-ac557e445c68] INFO  o.eclipse.m2e.core.internal.Bundles - 	Entry: D:\Download\spring-tool-suite\contents\sts-4.18.0.RELEASE\plugins\org.eclipse.m2e.maven.runtime_3.8.701.20230209-1606\jars\maven-repository-metadata-3.8.7.jar
2023-06-17 17:09:22,665 [Worker-3: Launching mavenrun-d4c48ee7-f86d-4975-bb77-ac557e445c68] INFO  o.eclipse.m2e.core.internal.Bundles - 	Entry: D:\Download\spring-tool-suite\contents\sts-4.18.0.RELEASE\plugins\org.eclipse.m2e.maven.runtime_3.8.701.20230209-1606\jars\maven-resolver-api-1.6.3.jar
2023-06-17 17:09:22,665 [Worker-3: Launching mavenrun-d4c48ee7-f86d-4975-bb77-ac557e445c68] INFO  o.eclipse.m2e.core.internal.Bundles - 	Entry: D:\Download\spring-tool-suite\contents\sts-4.18.0.RELEASE\plugins\org.eclipse.m2e.maven.runtime_3.8.701.20230209-1606\jars\maven-resolver-connector-basic-1.6.3.jar
2023-06-17 17:09:22,666 [Worker-3: Launching mavenrun-d4c48ee7-f86d-4975-bb77-ac557e445c68] INFO  o.eclipse.m2e.core.internal.Bundles - 	Entry: D:\Download\spring-tool-suite\contents\sts-4.18.0.RELEASE\plugins\org.eclipse.m2e.maven.runtime_3.8.701.20230209-1606\jars\maven-resolver-impl-1.6.3.jar
2023-06-17 17:09:22,666 [Worker-3: Launching mavenrun-d4c48ee7-f86d-4975-bb77-ac557e445c68] INFO  o.eclipse.m2e.core.internal.Bundles - 	Entry: D:\Download\spring-tool-suite\contents\sts-4.18.0.RELEASE\plugins\org.eclipse.m2e.maven.runtime_3.8.701.20230209-1606\jars\maven-resolver-provider-3.8.7.jar
2023-06-17 17:09:22,667 [Worker-3: Launching mavenrun-d4c48ee7-f86d-4975-bb77-ac557e445c68] INFO  o.eclipse.m2e.core.internal.Bundles - 	Entry: D:\Download\spring-tool-suite\contents\sts-4.18.0.RELEASE\plugins\org.eclipse.m2e.maven.runtime_3.8.701.20230209-1606\jars\maven-resolver-spi-1.6.3.jar
2023-06-17 17:09:22,667 [Worker-3: Launching mavenrun-d4c48ee7-f86d-4975-bb77-ac557e445c68] INFO  o.eclipse.m2e.core.internal.Bundles - 	Entry: D:\Download\spring-tool-suite\contents\sts-4.18.0.RELEASE\plugins\org.eclipse.m2e.maven.runtime_3.8.701.20230209-1606\jars\maven-resolver-transport-wagon-1.6.3.jar
2023-06-17 17:09:22,667 [Worker-3: Launching mavenrun-d4c48ee7-f86d-4975-bb77-ac557e445c68] INFO  o.eclipse.m2e.core.internal.Bundles - 	Entry: D:\Download\spring-tool-suite\contents\sts-4.18.0.RELEASE\plugins\org.eclipse.m2e.maven.runtime_3.8.701.20230209-1606\jars\maven-resolver-util-1.6.3.jar
2023-06-17 17:09:22,667 [Worker-3: Launching mavenrun-d4c48ee7-f86d-4975-bb77-ac557e445c68] INFO  o.eclipse.m2e.core.internal.Bundles - 	Entry: D:\Download\spring-tool-suite\contents\sts-4.18.0.RELEASE\plugins\org.eclipse.m2e.maven.runtime_3.8.701.20230209-1606\jars\maven-settings-3.8.7.jar
2023-06-17 17:09:22,667 [Worker-3: Launching mavenrun-d4c48ee7-f86d-4975-bb77-ac557e445c68] INFO  o.eclipse.m2e.core.internal.Bundles - 	Entry: D:\Download\spring-tool-suite\contents\sts-4.18.0.RELEASE\plugins\org.eclipse.m2e.maven.runtime_3.8.701.20230209-1606\jars\maven-settings-builder-3.8.7.jar
2023-06-17 17:09:22,669 [Worker-3: Launching mavenrun-d4c48ee7-f86d-4975-bb77-ac557e445c68] INFO  o.eclipse.m2e.core.internal.Bundles - 	Entry: D:\Download\spring-tool-suite\contents\sts-4.18.0.RELEASE\plugins\org.eclipse.m2e.maven.runtime_3.8.701.20230209-1606\jars\maven-shared-utils-3.3.4.jar
2023-06-17 17:09:22,669 [Worker-3: Launching mavenrun-d4c48ee7-f86d-4975-bb77-ac557e445c68] INFO  o.eclipse.m2e.core.internal.Bundles - 	Entry: D:\Download\spring-tool-suite\contents\sts-4.18.0.RELEASE\plugins\org.eclipse.m2e.maven.runtime_3.8.701.20230209-1606\jars\okhttp-3.14.1.jar
2023-06-17 17:09:22,669 [Worker-3: Launching mavenrun-d4c48ee7-f86d-4975-bb77-ac557e445c68] INFO  o.eclipse.m2e.core.internal.Bundles - 	Entry: D:\Download\spring-tool-suite\contents\sts-4.18.0.RELEASE\plugins\org.eclipse.m2e.maven.runtime_3.8.701.20230209-1606\jars\okio-1.17.3.jar
2023-06-17 17:09:22,669 [Worker-3: Launching mavenrun-d4c48ee7-f86d-4975-bb77-ac557e445c68] INFO  o.eclipse.m2e.core.internal.Bundles - 	Entry: D:\Download\spring-tool-suite\contents\sts-4.18.0.RELEASE\plugins\org.eclipse.m2e.maven.runtime_3.8.701.20230209-1606\jars\org.eclipse.sisu.inject-0.3.5.jar
2023-06-17 17:09:22,669 [Worker-3: Launching mavenrun-d4c48ee7-f86d-4975-bb77-ac557e445c68] INFO  o.eclipse.m2e.core.internal.Bundles - 	Entry: D:\Download\spring-tool-suite\contents\sts-4.18.0.RELEASE\plugins\org.eclipse.m2e.maven.runtime_3.8.701.20230209-1606\jars\org.eclipse.sisu.plexus-0.3.5.jar
2023-06-17 17:09:22,670 [Worker-3: Launching mavenrun-d4c48ee7-f86d-4975-bb77-ac557e445c68] INFO  o.eclipse.m2e.core.internal.Bundles - 	Entry: D:\Download\spring-tool-suite\contents\sts-4.18.0.RELEASE\plugins\org.eclipse.m2e.maven.runtime_3.8.701.20230209-1606\jars\plexus-build-api-0.0.7.jar
2023-06-17 17:09:22,670 [Worker-3: Launching mavenrun-d4c48ee7-f86d-4975-bb77-ac557e445c68] INFO  o.eclipse.m2e.core.internal.Bundles - 	Entry: D:\Download\spring-tool-suite\contents\sts-4.18.0.RELEASE\plugins\org.eclipse.m2e.maven.runtime_3.8.701.20230209-1606\jars\plexus-cipher-2.0.jar
2023-06-17 17:09:22,670 [Worker-3: Launching mavenrun-d4c48ee7-f86d-4975-bb77-ac557e445c68] INFO  o.eclipse.m2e.core.internal.Bundles - 	Entry: D:\Download\spring-tool-suite\contents\sts-4.18.0.RELEASE\plugins\org.eclipse.m2e.maven.runtime_3.8.701.20230209-1606\jars\plexus-classworlds-2.6.0.jar
2023-06-17 17:09:22,670 [Worker-3: Launching mavenrun-d4c48ee7-f86d-4975-bb77-ac557e445c68] INFO  o.eclipse.m2e.core.internal.Bundles - 	Entry: D:\Download\spring-tool-suite\contents\sts-4.18.0.RELEASE\plugins\org.eclipse.m2e.maven.runtime_3.8.701.20230209-1606\jars\plexus-component-annotations-2.1.0.jar
2023-06-17 17:09:22,670 [Worker-3: Launching mavenrun-d4c48ee7-f86d-4975-bb77-ac557e445c68] INFO  o.eclipse.m2e.core.internal.Bundles - 	Entry: D:\Download\spring-tool-suite\contents\sts-4.18.0.RELEASE\plugins\org.eclipse.m2e.maven.runtime_3.8.701.20230209-1606\jars\plexus-interpolation-1.26.jar
2023-06-17 17:09:22,671 [Worker-3: Launching mavenrun-d4c48ee7-f86d-4975-bb77-ac557e445c68] INFO  o.eclipse.m2e.core.internal.Bundles - 	Entry: D:\Download\spring-tool-suite\contents\sts-4.18.0.RELEASE\plugins\org.eclipse.m2e.maven.runtime_3.8.701.20230209-1606\jars\plexus-sec-dispatcher-2.0.jar
2023-06-17 17:09:22,671 [Worker-3: Launching mavenrun-d4c48ee7-f86d-4975-bb77-ac557e445c68] INFO  o.eclipse.m2e.core.internal.Bundles - 	Entry: D:\Download\spring-tool-suite\contents\sts-4.18.0.RELEASE\plugins\org.eclipse.m2e.maven.runtime_3.8.701.20230209-1606\jars\plexus-utils-3.3.1.jar
2023-06-17 17:09:22,671 [Worker-3: Launching mavenrun-d4c48ee7-f86d-4975-bb77-ac557e445c68] INFO  o.eclipse.m2e.core.internal.Bundles - 	Entry: D:\Download\spring-tool-suite\contents\sts-4.18.0.RELEASE\plugins\org.eclipse.m2e.maven.runtime_3.8.701.20230209-1606\jars\wagon-file-3.5.3.jar
2023-06-17 17:09:22,671 [Worker-3: Launching mavenrun-d4c48ee7-f86d-4975-bb77-ac557e445c68] INFO  o.eclipse.m2e.core.internal.Bundles - 	Entry: D:\Download\spring-tool-suite\contents\sts-4.18.0.RELEASE\plugins\org.eclipse.m2e.maven.runtime_3.8.701.20230209-1606\jars\wagon-provider-api-3.5.3.jar
2023-06-17 17:09:22,678 [Worker-3: Launching mavenrun-d4c48ee7-f86d-4975-bb77-ac557e445c68] INFO  o.eclipse.m2e.core.internal.Bundles - getClasspathEntries(Bundle=com.google.guava_31.1.0.jre [23])
2023-06-17 17:09:22,679 [Worker-3: Launching mavenrun-d4c48ee7-f86d-4975-bb77-ac557e445c68] INFO  o.eclipse.m2e.core.internal.Bundles - 	Entry: D:\Download\spring-tool-suite\contents\sts-4.18.0.RELEASE\plugins\com.google.guava_31.1.0.jre.jar
2023-06-17 17:09:22,680 [Worker-3: Launching mavenrun-d4c48ee7-f86d-4975-bb77-ac557e445c68] INFO  o.eclipse.m2e.core.internal.Bundles - getClasspathEntries(Bundle=slf4j.api_1.7.36 [580])
2023-06-17 17:09:22,681 [Worker-3: Launching mavenrun-d4c48ee7-f86d-4975-bb77-ac557e445c68] INFO  o.eclipse.m2e.core.internal.Bundles - 	Entry: D:\Download\spring-tool-suite\contents\sts-4.18.0.RELEASE\plugins\slf4j.api_1.7.36.jar
2023-06-17 17:09:22,682 [Worker-3: Launching mavenrun-d4c48ee7-f86d-4975-bb77-ac557e445c68] INFO  o.eclipse.m2e.core.internal.Bundles - getClasspathEntries(Bundle=javax.inject_1.0.0.v20220405-0441 [50])
2023-06-17 17:09:22,686 [Worker-3: Launching mavenrun-d4c48ee7-f86d-4975-bb77-ac557e445c68] INFO  o.eclipse.m2e.core.internal.Bundles - 	Entry: D:\Download\spring-tool-suite\contents\sts-4.18.0.RELEASE\plugins\javax.inject_1.0.0.v20220405-0441.jar
2023-06-17 17:09:22,686 [Worker-3: Launching mavenrun-d4c48ee7-f86d-4975-bb77-ac557e445c68] INFO  o.eclipse.m2e.core.internal.Bundles - getClasspathEntries(Bundle=javax.annotation_1.3.5.v20221203-1659 [48])
2023-06-17 17:09:22,690 [Worker-3: Launching mavenrun-d4c48ee7-f86d-4975-bb77-ac557e445c68] INFO  o.eclipse.m2e.core.internal.Bundles - 	Entry: D:\Download\spring-tool-suite\contents\sts-4.18.0.RELEASE\plugins\javax.annotation_1.3.5.v20221203-1659.jar
2023-06-17 17:09:22,690 [Worker-3: Launching mavenrun-d4c48ee7-f86d-4975-bb77-ac557e445c68] INFO  o.eclipse.m2e.core.internal.Bundles - getClasspathEntries(Bundle=org.apache.commons.cli_1.4.0.v20221112-0806 [73])
2023-06-17 17:09:22,693 [Worker-3: Launching mavenrun-d4c48ee7-f86d-4975-bb77-ac557e445c68] INFO  o.eclipse.m2e.core.internal.Bundles - 	Entry: D:\Download\spring-tool-suite\contents\sts-4.18.0.RELEASE\plugins\org.apache.commons.cli_1.4.0.v20221112-0806.jar
2023-06-17 17:09:22,694 [Worker-3: Launching mavenrun-d4c48ee7-f86d-4975-bb77-ac557e445c68] INFO  o.eclipse.m2e.core.internal.Bundles - getClasspathEntries(Bundle=com.google.guava.failureaccess_1.0.1 [25])
2023-06-17 17:09:22,696 [Worker-3: Launching mavenrun-d4c48ee7-f86d-4975-bb77-ac557e445c68] INFO  o.eclipse.m2e.core.internal.Bundles - 	Entry: D:\Download\spring-tool-suite\contents\sts-4.18.0.RELEASE\plugins\com.google.guava.failureaccess_1.0.1.jar
2023-06-17 17:09:22,707 [Worker-3: Launching mavenrun-d4c48ee7-f86d-4975-bb77-ac557e445c68] INFO  o.e.m.i.launch.MavenLaunchDelegate - Run build in "C:\Users\hp\AppData\Local\Temp\m2e-archetypeGenerator11789739690295443319":
2023-06-17 17:09:22,714 [Worker-3: Launching mavenrun-d4c48ee7-f86d-4975-bb77-ac557e445c68] INFO  o.e.m.i.launch.MavenLaunchDelegate -  mvn  -DarchetypeGroupId=org.apache.maven.archetypes -DarchetypeArtifactId=maven-archetype-quickstart -DarchetypeVersion=1.4 -DgroupId=com.masai -DartifactId=Online_Voting_System -Dversion=0.0.1-SNAPSHOT -Dpackage=com.masai -DoutputDirectory=E:\Desktop\offbeat-jeans-3946- -B -Dstyle.color=always -U archetype:generate
2023-06-17 17:09:40,717 [Worker-1: Creating maven-archetype-quickstart] INFO  o.e.m.c.i.p.ProjectConfigurationManager - Collecting project info '/pom.xml' E:\Desktop\offbeat-jeans-3946-\Online_Voting_System\pom.xml
2023-06-17 17:09:40,930 [Worker-1: Creating maven-archetype-quickstart] INFO  o.e.m.c.i.l.LifecycleMappingFactory - Using org.eclipse.m2e.jdt.JarLifecycleMapping lifecycle mapping for MavenProject: com.masai:Online_Voting_System:0.0.1-SNAPSHOT @ E:\Desktop\offbeat-jeans-3946-\Online_Voting_System\pom.xml.
2023-06-17 17:09:41,702 [Worker-1: Creating maven-archetype-quickstart] INFO  o.e.m.j.i.AbstractJavaProjectConfigurator - Adding source folder /Online_Voting_System/src/main/java
2023-06-17 17:09:41,713 [Worker-1: Creating maven-archetype-quickstart] INFO  o.e.m.j.i.AbstractJavaProjectConfigurator - Adding source folder /Online_Voting_System/src/test/java
2023-06-17 17:09:41,894 [Worker-1: Creating maven-archetype-quickstart] INFO  o.e.m.c.i.p.ProjectConfigurationManager - Imported and configured 1 project(s) in 1 sec
2023-06-17 17:09:42,331 [Worker-9: Building] INFO  o.e.m.c.i.embedder.EclipseLogger - Using 'UTF-8' encoding to copy filtered resources.
2023-06-17 17:09:42,332 [Worker-9: Building] INFO  o.e.m.c.i.embedder.EclipseLogger - skip non existing resourceDirectory E:\Desktop\offbeat-jeans-3946-\Online_Voting_System\src\main\resources
2023-06-17 17:09:42,335 [Worker-9: Building] INFO  o.e.m.c.i.embedder.EclipseLogger - Using 'UTF-8' encoding to copy filtered resources.
2023-06-17 17:09:42,336 [Worker-9: Building] INFO  o.e.m.c.i.embedder.EclipseLogger - skip non existing resourceDirectory E:\Desktop\offbeat-jeans-3946-\Online_Voting_System\src\test\resources
2023-06-17 17:10:42,579 [Worker-8: Building] INFO  o.e.m.c.i.l.LifecycleMappingFactory - Using org.eclipse.m2e.jdt.JarLifecycleMapping lifecycle mapping for MavenProject: com.masai:Online_Voting_System:0.0.1-SNAPSHOT @ E:\Desktop\offbeat-jeans-3946-\Online_Voting_System\pom.xml.
2023-06-17 17:10:42,740 [Worker-8: Building] WARN  o.e.m.c.i.embedder.EclipseLogger - The artifact mysql:mysql-connector-java:jar:8.0.32 has been relocated to com.mysql:mysql-connector-j:jar:8.0.32: MySQL Connector/J artifacts moved to reverse-DNS compliant Maven 2+ coordinates.
2023-06-17 17:10:42,743 [Worker-8: Building] WARN  o.e.m.c.i.embedder.EclipseLogger - The artifact org.hibernate:hibernate-core:jar:6.2.3.Final has been relocated to org.hibernate.orm:hibernate-core:jar:6.2.3.Final
2023-06-17 17:10:42,929 [Worker-8: Building] INFO  o.e.m.c.i.embedder.EclipseLogger - Using 'UTF-8' encoding to copy filtered resources.
2023-06-17 17:10:42,929 [Worker-8: Building] INFO  o.e.m.c.i.embedder.EclipseLogger - skip non existing resourceDirectory E:\Desktop\offbeat-jeans-3946-\Online_Voting_System\src\main\resources
2023-06-17 17:10:42,934 [Worker-8: Building] INFO  o.e.m.c.i.embedder.EclipseLogger - Using 'UTF-8' encoding to copy filtered resources.
2023-06-17 17:10:42,934 [Worker-8: Building] INFO  o.e.m.c.i.embedder.EclipseLogger - skip non existing resourceDirectory E:\Desktop\offbeat-jeans-3946-\Online_Voting_System\src\test\resources
2023-06-17 17:10:55,897 [Worker-2: Building] INFO  o.e.m.c.i.embedder.EclipseLogger - Using 'UTF-8' encoding to copy filtered resources.
2023-06-17 17:10:55,898 [Worker-2: Building] INFO  o.e.m.c.i.embedder.EclipseLogger - skip non existing resourceDirectory E:\Desktop\offbeat-jeans-3946-\Online_Voting_System\src\main\resources
2023-06-17 17:10:55,904 [Worker-2: Building] INFO  o.e.m.c.i.embedder.EclipseLogger - Using 'UTF-8' encoding to copy filtered resources.
2023-06-17 17:10:55,905 [Worker-2: Building] INFO  o.e.m.c.i.embedder.EclipseLogger - skip non existing resourceDirectory E:\Desktop\offbeat-jeans-3946-\Online_Voting_System\src\test\resources
2023-06-17 17:11:22,586 [Worker-7: Building] INFO  o.e.m.c.i.embedder.EclipseLogger - Using 'UTF-8' encoding to copy filtered resources.
2023-06-17 17:11:22,596 [Worker-7: Building] INFO  o.e.m.c.i.embedder.EclipseLogger - Copying 1 resource
2023-06-17 17:11:22,607 [Worker-7: Building] INFO  o.e.m.c.i.embedder.EclipseLogger - Using 'UTF-8' encoding to copy filtered resources.
2023-06-17 17:11:22,607 [Worker-7: Building] INFO  o.e.m.c.i.embedder.EclipseLogger - skip non existing resourceDirectory E:\Desktop\offbeat-jeans-3946-\Online_Voting_System\src\test\resources
2023-06-17 17:12:32,693 [Worker-0: Building] INFO  o.e.m.c.i.embedder.EclipseLogger - Using 'UTF-8' encoding to copy filtered resources.
2023-06-17 17:12:32,701 [Worker-0: Building] INFO  o.e.m.c.i.embedder.EclipseLogger - Copying 1 resource
2023-06-17 17:12:32,705 [Worker-0: Building] INFO  o.e.m.c.i.embedder.EclipseLogger - Using 'UTF-8' encoding to copy filtered resources.
2023-06-17 17:12:32,706 [Worker-0: Building] INFO  o.e.m.c.i.embedder.EclipseLogger - skip non existing resourceDirectory E:\Desktop\offbeat-jeans-3946-\Online_Voting_System\src\test\resources
2023-06-17 17:13:02,900 [Worker-1: Building] INFO  o.e.m.c.i.embedder.EclipseLogger - Using 'UTF-8' encoding to copy filtered resources.
2023-06-17 17:13:02,902 [Worker-1: Building] INFO  o.e.m.c.i.embedder.EclipseLogger - Copying 1 resource
2023-06-17 17:13:02,919 [Worker-1: Building] INFO  o.e.m.c.i.embedder.EclipseLogger - Using 'UTF-8' encoding to copy filtered resources.
2023-06-17 17:13:02,920 [Worker-1: Building] INFO  o.e.m.c.i.embedder.EclipseLogger - skip non existing resourceDirectory E:\Desktop\offbeat-jeans-3946-\Online Voting System2\src\test\resources
